2023-08-15 01:00:33 INFO  BaseTest:39 - ====================打开了chrome浏览器=====================
2023-08-15 01:00:33 INFO  BaseTest:79 - ================最大化浏览器===================
2023-08-15 01:00:33 INFO  BaseTest:88 - ================访问网址：===================https://www.baidu.com
2023-08-15 01:00:34 INFO  BasePage:75 - 对元素【hao123链接】进行点击
2023-08-15 01:00:37 INFO  BaseTest:69 - ====================退出浏览器=====================
2023-08-15 01:01:10 INFO  BaseTest:39 - ====================打开了chrome浏览器=====================
2023-08-15 01:01:10 INFO  BaseTest:79 - ================最大化浏览器===================
2023-08-15 01:01:10 INFO  BaseTest:88 - ================访问网址：===================https://www.baidu.com
2023-08-15 01:01:11 INFO  BasePage:75 - 对元素【贴吧链接】进行点击
2023-08-15 01:01:14 INFO  BaseTest:69 - ====================退出浏览器=====================
2023-08-15 01:01:36 INFO  BaseTest:39 - ====================打开了chrome浏览器=====================
2023-08-15 01:01:36 INFO  BaseTest:79 - ================最大化浏览器===================
2023-08-15 01:01:36 INFO  BaseTest:88 - ================访问网址：===================https://www.baidu.com
2023-08-15 01:01:37 INFO  BasePage:75 - 对元素【hao123链接1】进行点击
2023-08-15 01:01:40 INFO  BaseTest:69 - ====================退出浏览器=====================
2023-08-15 01:01:54 INFO  BaseTest:39 - ====================打开了chrome浏览器=====================
2023-08-15 01:01:54 INFO  BaseTest:79 - ================最大化浏览器===================
2023-08-15 01:01:54 INFO  BaseTest:88 - ================访问网址：===================https://www.baidu.com
2023-08-15 01:01:55 INFO  BasePage:75 - 对元素【ha1o123链接1】进行点击
2023-08-15 01:01:58 INFO  BaseTest:69 - ====================退出浏览器=====================
2023-08-15 01:02:36 INFO  BaseTest:39 - ====================打开了chrome浏览器=====================
2023-08-15 01:02:36 INFO  BaseTest:79 - ================最大化浏览器===================
2023-08-15 01:02:37 INFO  BaseTest:88 - ================访问网址：===================https://www.baidu.com
2023-08-15 01:02:37 INFO  BasePage:75 - 对元素【ha1o123链接1】进行点击
2023-08-15 01:02:48 ERROR BasePage:53 - 定位元素【By.xpath: //a[text()='hao1231']】异常
2023-08-15 01:02:51 INFO  BaseTest:69 - ====================退出浏览器=====================
2023-08-15 01:05:58 INFO  BaseTest:39 - ====================打开了chrome浏览器=====================
2023-08-15 01:05:58 INFO  BaseTest:79 - ================最大化浏览器===================
2023-08-15 01:05:58 INFO  BaseTest:88 - ================访问网址：===================https://www.baidu.com
2023-08-15 01:05:59 INFO  BasePage:75 - 对元素【地图链接】进行点击
2023-08-15 01:06:02 INFO  BaseTest:69 - ====================退出浏览器=====================
2023-08-15 01:06:58 INFO  BaseTest:39 - ====================打开了chrome浏览器=====================
2023-08-15 01:06:58 INFO  BaseTest:79 - ================最大化浏览器===================
2023-08-15 01:06:58 INFO  BaseTest:88 - ================访问网址：===================https://www.baidu.com
2023-08-15 01:06:59 INFO  BasePage:75 - 对元素【地图链接】进行点击
2023-08-15 01:07:09 ERROR BasePage:53 - 定位元素【By.xpath: //a[text()='地图1']】异常
2023-08-15 01:07:12 INFO  BaseTest:69 - ====================退出浏览器=====================
